TN:
SF:src/services/slices/constructorSlice/constructorSlice.ts
FN:34,(anonymous_15)
FN:34,(anonymous_16)
FN:41,(anonymous_18)
FN:45,(anonymous_19)
FN:52,(anonymous_20)
FN:57,(anonymous_21)
FN:60,(anonymous_22)
FN:63,(anonymous_23)
FN:70,(anonymous_24)
FN:77,(anonymous_25)
FN:80,(anonymous_26)
FN:84,(anonymous_27)
FN:86,(anonymous_28)
FN:91,(anonymous_29)
FN:96,(anonymous_30)
FNF:15
FNH:10
FNDA:0,(anonymous_15)
FNDA:0,(anonymous_16)
FNDA:0,(anonymous_18)
FNDA:3,(anonymous_19)
FNDA:3,(anonymous_20)
FNDA:1,(anonymous_21)
FNDA:1,(anonymous_22)
FNDA:1,(anonymous_23)
FNDA:1,(anonymous_24)
FNDA:0,(anonymous_25)
FNDA:0,(anonymous_26)
FNDA:1,(anonymous_27)
FNDA:1,(anonymous_28)
FNDA:1,(anonymous_29)
FNDA:1,(anonymous_30)
DA:1,1
DA:2,1
DA:21,1
DA:32,1
DA:34,0
DA:37,1
DA:41,0
DA:46,3
DA:47,2
DA:49,1
DA:53,3
DA:54,3
DA:58,1
DA:60,1
DA:64,1
DA:71,1
DA:78,0
DA:81,0
DA:85,1
DA:87,1
DA:88,1
DA:89,1
DA:92,1
DA:93,1
DA:94,1
DA:97,1
DA:98,1
DA:99,1
DA:100,1
DA:101,1
DA:105,1
DA:111,1
DA:119,1
DA:120,1
LF:34
LH:30
BRDA:46,0,0,2
BRDA:46,0,1,1
BRF:2
BRH:2
end_of_record
TN:
SF:src/services/slices/feedSlice/feedSlice.ts
FN:28,(anonymous_0)
FN:30,(anonymous_1)
FN:32,(anonymous_2)
FN:36,(anonymous_3)
FN:40,(anonymous_4)
FNF:5
FNH:4
FNDA:0,(anonymous_0)
FNDA:1,(anonymous_1)
FNDA:1,(anonymous_2)
FNDA:1,(anonymous_3)
FNDA:1,(anonymous_4)
DA:1,1
DA:2,1
DA:13,1
DA:21,1
DA:23,1
DA:28,0
DA:31,1
DA:33,1
DA:34,1
DA:37,1
DA:38,1
DA:41,1
DA:42,1
DA:43,1
DA:44,1
DA:45,1
DA:50,1
DA:51,1
LF:18
LH:17
BRF:0
BRH:0
end_of_record
TN:
SF:src/services/slices/ingredientSlice/ingredientSlice.ts
FN:27,(anonymous_0)
FN:29,(anonymous_1)
FN:31,(anonymous_2)
FN:35,(anonymous_3)
FN:39,(anonymous_4)
FNF:5
FNH:4
FNDA:0,(anonymous_0)
FNDA:1,(anonymous_1)
FNDA:1,(anonymous_2)
FNDA:1,(anonymous_3)
FNDA:1,(anonymous_4)
DA:1,1
DA:2,1
DA:11,1
DA:17,1
DA:22,1
DA:27,0
DA:30,1
DA:32,1
DA:33,1
DA:36,1
DA:37,1
DA:40,1
DA:41,1
DA:42,1
DA:47,1
DA:48,1
LF:16
LH:15
BRF:0
BRH:0
end_of_record
TN:
SF:src/services/slices/orderSlice/orderSlice.ts
FN:23,(anonymous_13)
FN:23,(anonymous_14)
FN:31,(anonymous_16)
FN:33,(anonymous_17)
FN:35,(anonymous_18)
FN:39,(anonymous_19)
FN:43,(anonymous_20)
FNF:7
FNH:4
FNDA:0,(anonymous_13)
FNDA:0,(anonymous_14)
FNDA:0,(anonymous_16)
FNDA:1,(anonymous_17)
FNDA:1,(anonymous_18)
FNDA:1,(anonymous_19)
FNDA:1,(anonymous_20)
DA:1,1
DA:2,1
DA:13,1
DA:21,1
DA:23,0
DA:26,1
DA:31,0
DA:34,1
DA:36,1
DA:37,1
DA:40,1
DA:41,1
DA:44,1
DA:45,1
DA:46,1
DA:51,1
DA:52,1
LF:17
LH:15
BRF:0
BRH:0
end_of_record
TN:
SF:src/services/slices/userSlice/userSlice.ts
FN:42,(anonymous_13)
FN:42,(anonymous_14)
FN:47,(anonymous_16)
FN:64,(anonymous_19)
FN:64,(anonymous_20)
FN:67,(anonymous_22)
FN:68,(anonymous_25)
FN:78,(anonymous_26)
FN:81,(anonymous_27)
FN:86,(anonymous_28)
FN:87,(anonymous_29)
FN:89,(anonymous_30)
FN:91,(anonymous_31)
FN:96,(anonymous_32)
FN:101,(anonymous_33)
FN:109,(anonymous_34)
FN:115,(anonymous_35)
FN:120,(anonymous_36)
FN:127,(anonymous_37)
FN:132,(anonymous_38)
FN:137,(anonymous_39)
FN:143,(anonymous_40)
FN:146,(anonymous_41)
FN:149,(anonymous_42)
FN:154,(anonymous_43)
FN:160,(anonymous_44)
FN:166,(anonymous_45)
FN:175,(anonymous_46)
FN:179,(anonymous_47)
FN:183,(anonymous_48)
FNF:30
FNH:19
FNDA:0,(anonymous_13)
FNDA:0,(anonymous_14)
FNDA:0,(anonymous_16)
FNDA:0,(anonymous_19)
FNDA:0,(anonymous_20)
FNDA:0,(anonymous_22)
FNDA:0,(anonymous_25)
FNDA:0,(anonymous_26)
FNDA:0,(anonymous_27)
FNDA:0,(anonymous_28)
FNDA:0,(anonymous_29)
FNDA:1,(anonymous_30)
FNDA:1,(anonymous_31)
FNDA:1,(anonymous_32)
FNDA:1,(anonymous_33)
FNDA:1,(anonymous_34)
FNDA:1,(anonymous_35)
FNDA:1,(anonymous_36)
FNDA:1,(anonymous_37)
FNDA:1,(anonymous_38)
FNDA:1,(anonymous_39)
FNDA:1,(anonymous_40)
FNDA:1,(anonymous_41)
FNDA:1,(anonymous_42)
FNDA:1,(anonymous_43)
FNDA:1,(anonymous_44)
FNDA:1,(anonymous_45)
FNDA:1,(anonymous_46)
FNDA:1,(anonymous_47)
FNDA:1,(anonymous_48)
DA:1,1
DA:12,1
DA:13,1
DA:28,1
DA:40,1
DA:42,0
DA:45,1
DA:47,0
DA:48,0
DA:49,0
DA:50,0
DA:52,0
DA:53,0
DA:54,0
DA:58,1
DA:60,1
DA:62,1
DA:64,0
DA:67,1
DA:68,0
DA:69,0
DA:70,0
DA:74,1
DA:79,0
DA:82,0
DA:86,0
DA:87,0
DA:90,1
DA:92,1
DA:93,1
DA:94,1
DA:97,1
DA:102,1
DA:105,1
DA:106,1
DA:107,1
DA:110,1
DA:111,1
DA:112,1
DA:113,1
DA:116,1
DA:117,1
DA:118,1
DA:121,1
DA:122,1
DA:123,1
DA:124,1
DA:125,1
DA:128,1
DA:129,1
DA:130,1
DA:133,1
DA:134,1
DA:135,1
DA:138,1
DA:139,1
DA:140,1
DA:141,1
DA:144,1
DA:147,1
DA:150,1
DA:155,1
DA:156,1
DA:157,1
DA:158,1
DA:161,1
DA:162,1
DA:163,1
DA:164,1
DA:167,1
DA:168,1
DA:169,1
DA:170,1
DA:171,1
DA:176,1
DA:177,1
DA:180,1
DA:181,1
DA:184,1
DA:185,1
DA:186,1
DA:191,1
DA:192,1
DA:193,1
LF:84
LH:68
BRDA:42,0,0,0
BRDA:42,0,1,0
BRDA:48,1,0,0
BRDA:49,2,0,0
BRF:4
BRH:0
end_of_record
TN:
SF:src/utils/burger-api.ts
FN:6,(anonymous_13)
FN:7,(anonymous_14)
FN:18,(anonymous_15)
FN:28,(anonymous_16)
FN:29,(anonymous_17)
FN:38,(anonymous_18)
FN:40,(anonymous_19)
FN:74,(anonymous_21)
FN:76,(anonymous_22)
FN:77,(anonymous_23)
FN:82,(anonymous_24)
FN:84,(anonymous_25)
FN:85,(anonymous_26)
FN:90,(anonymous_27)
FN:97,(anonymous_28)
FN:107,(anonymous_29)
FN:117,(anonymous_30)
FN:126,(anonymous_31)
FN:132,(anonymous_32)
FN:146,(anonymous_33)
FN:154,(anonymous_34)
FN:155,(anonymous_35)
FN:165,(anonymous_36)
FN:173,(anonymous_37)
FN:174,(anonymous_38)
FN:179,(anonymous_39)
FN:187,(anonymous_40)
FN:188,(anonymous_41)
FN:193,(anonymous_42)
FN:201,(anonymous_43)
FN:202,(anonymous_44)
FN:209,(anonymous_45)
FN:216,(anonymous_46)
FN:226,(anonymous_47)
FN:235,(anonymous_48)
FNF:35
FNH:0
FNDA:0,(anonymous_13)
FNDA:0,(anonymous_14)
FNDA:0,(anonymous_15)
FNDA:0,(anonymous_16)
FNDA:0,(anonymous_17)
FNDA:0,(anonymous_18)
FNDA:0,(anonymous_19)
FNDA:0,(anonymous_21)
FNDA:0,(anonymous_22)
FNDA:0,(anonymous_23)
FNDA:0,(anonymous_24)
FNDA:0,(anonymous_25)
FNDA:0,(anonymous_26)
FNDA:0,(anonymous_27)
FNDA:0,(anonymous_28)
FNDA:0,(anonymous_29)
FNDA:0,(anonymous_30)
FNDA:0,(anonymous_31)
FNDA:0,(anonymous_32)
FNDA:0,(anonymous_33)
FNDA:0,(anonymous_34)
FNDA:0,(anonymous_35)
FNDA:0,(anonymous_36)
FNDA:0,(anonymous_37)
FNDA:0,(anonymous_38)
FNDA:0,(anonymous_39)
FNDA:0,(anonymous_40)
FNDA:0,(anonymous_41)
FNDA:0,(anonymous_42)
FNDA:0,(anonymous_43)
FNDA:0,(anonymous_44)
FNDA:0,(anonymous_45)
FNDA:0,(anonymous_46)
FNDA:0,(anonymous_47)
FNDA:0,(anonymous_48)
DA:1,5
DA:4,5
DA:6,5
DA:7,0
DA:18,5
DA:19,0
DA:28,0
DA:30,0
DA:31,0
DA:33,0
DA:34,0
DA:35,0
DA:38,5
DA:40,0
DA:43,0
DA:44,0
DA:46,0
DA:47,0
DA:48,0
DA:49,0
DA:52,0
DA:53,0
DA:55,0
DA:74,5
DA:75,0
DA:76,0
DA:78,0
DA:79,0
DA:82,5
DA:83,0
DA:84,0
DA:86,0
DA:87,0
DA:90,5
DA:91,0
DA:98,0
DA:99,0
DA:107,5
DA:108,0
DA:118,0
DA:119,0
DA:126,5
DA:127,0
DA:132,0
DA:146,5
DA:147,0
DA:154,0
DA:156,0
DA:157,0
DA:165,5
DA:166,0
DA:173,0
DA:175,0
DA:176,0
DA:179,5
DA:180,0
DA:187,0
DA:189,0
DA:190,0
DA:193,5
DA:194,0
DA:201,0
DA:203,0
DA:204,0
DA:209,5
DA:210,0
DA:216,5
DA:217,0
DA:226,5
DA:227,0
DA:235,0
LF:71
LH:17
BRDA:7,0,0,0
BRDA:7,0,1,0
BRDA:30,1,0,0
BRDA:44,2,0,0
BRDA:44,2,1,0
BRDA:44,2,2,0
BRDA:46,3,0,0
BRDA:48,4,0,0
BRDA:78,5,0,0
BRDA:78,6,0,0
BRDA:78,6,1,0
BRDA:78,7,0,0
BRDA:78,7,1,0
BRDA:86,8,0,0
BRDA:86,9,0,0
BRDA:86,9,1,0
BRDA:86,10,0,0
BRDA:86,10,1,0
BRDA:98,11,0,0
BRDA:98,12,0,0
BRDA:98,12,1,0
BRDA:98,13,0,0
BRDA:98,13,1,0
BRDA:118,14,0,0
BRDA:118,15,0,0
BRDA:118,15,1,0
BRDA:118,16,0,0
BRDA:118,16,1,0
BRDA:156,17,0,0
BRDA:156,18,0,0
BRDA:156,18,1,0
BRDA:156,19,0,0
BRDA:156,19,1,0
BRDA:175,20,0,0
BRDA:175,21,0,0
BRDA:175,21,1,0
BRDA:175,22,0,0
BRDA:175,22,1,0
BRDA:189,23,0,0
BRDA:189,24,0,0
BRDA:189,24,1,0
BRDA:189,25,0,0
BRDA:189,25,1,0
BRDA:203,26,0,0
BRDA:203,27,0,0
BRDA:203,27,1,0
BRDA:203,28,0,0
BRDA:203,28,1,0
BRF:48
BRH:0
end_of_record
TN:
SF:src/utils/cookie.ts
FN:1,getCookie
FN:13,setCookie
FN:45,deleteCookie
FNF:3
FNH:0
FNDA:0,getCookie
FNDA:0,setCookie
FNDA:0,deleteCookie
DA:1,5
DA:2,0
DA:10,0
DA:13,5
DA:16,0
DA:18,0
DA:23,0
DA:24,0
DA:25,0
DA:26,0
DA:27,0
DA:30,0
DA:31,0
DA:33,0
DA:34,0
DA:35,0
DA:36,0
DA:37,0
DA:38,0
DA:39,0
DA:42,0
DA:45,5
DA:46,0
LF:23
LH:3
BRDA:10,0,0,0
BRDA:10,0,1,0
BRDA:16,1,0,0
BRDA:24,2,0,0
BRDA:24,3,0,0
BRDA:24,3,1,0
BRDA:30,4,0,0
BRDA:30,5,0,0
BRDA:30,5,1,0
BRDA:38,6,0,0
BRF:10
BRH:0
end_of_record
